<?xml version="1.0" encoding="UTF-8"?>
<!-- Generated by org.testng.reporters.JUnitReportReporter -->
<testsuite skipped="0" hostname="DESKTOP-GVHQ29R" name="AutomationFW.TestCase_WISELogin" tests="5" failures="0" timestamp="27 Jul 2018 07:21:56 GMT" time="64.003" errors="0">
  <testcase name="LoginToWise" time="24.984" classname="AutomationFW.TestCase_WISELogin"/>
  <testcase name="SearchSKU" time="14.317" classname="AutomationFW.TestCase_WISELogin"/>
  <testcase name="NavigateToPDPPage" time="11.009" classname="AutomationFW.TestCase_WISELogin"/>
  <testcase name="PDPPage_TabsDIsplay" time="9.151" classname="AutomationFW.TestCase_WISELogin"/>
  <testcase name="NavigateToHomePage" time="4.542" classname="AutomationFW.TestCase_WISELogin"/>
</testsuite> <!-- AutomationFW.TestCase_WISELogin -->
